Analysis & Synthesis report for finaltry
Fri Jun 28 11:45:19 2024
Quartus Prime Version 18.1.0 Build 625 09/12/2018 SJ Lite Edition


---------------------
; Table of Contents ;
---------------------
  1. Legal Notice
  2. Analysis & Synthesis Summary
  3. Analysis & Synthesis Settings
  4. Parallel Compilation
  5. Analysis & Synthesis Source Files Read
  6. Analysis & Synthesis Resource Usage Summary
  7. Analysis & Synthesis Resource Utilization by Entity
  8. Registers Removed During Synthesis
  9. Removed Registers Triggering Further Register Optimizations
 10. General Register Statistics
 11. Multiplexer Restructuring Statistics (Restructuring Performed)
 12. Parameter Settings for User Entity Instance: Top-level Entity: |timer_top
 13. Parameter Settings for User Entity Instance: timer:TMR0
 14. Parameter Settings for User Entity Instance: hex_7seg_decoder:SEC0
 15. Parameter Settings for User Entity Instance: hex_7seg_decoder:SEC1
 16. Parameter Settings for User Entity Instance: hex_7seg_decoder:MIN0
 17. Parameter Settings for User Entity Instance: hex_7seg_decoder:MIN1
 18. Parameter Settings for User Entity Instance: hex_7seg_decoder:HOUR0
 19. Parameter Settings for User Entity Instance: hex_7seg_decoder:HOUR1
 20. Port Connectivity Checks: "bin2bcd:B2D_HOUR"
 21. Port Connectivity Checks: "bin2bcd:B2D_MIN"
 22. Port Connectivity Checks: "bin2bcd:B2D_SEC"
 23. Post-Synthesis Netlist Statistics for Top Partition
 24. Elapsed Time Per Partition
 25. Analysis & Synthesis Messages



----------------
; Legal Notice ;
----------------
Copyright (C) 2018  Intel Corporation. All rights reserved.
Your use of Intel Corporation's design tools, logic functions 
and other software and tools, and its AMPP partner logic 
functions, and any output files from any of the foregoing 
(including device programming or simulation files), and any 
associated documentation or information are expressly subject 
to the terms and conditions of the Intel Program License 
Subscription Agreement, the Intel Quartus Prime License Agreement,
the Intel FPGA IP License Agreement, or other applicable license
agreement, including, without limitation, that your use is for
the sole purpose of programming logic devices manufactured by
Intel and sold by Intel or its authorized distributors.  Please
refer to the applicable agreement for further details.



+----------------------------------------------------------------------------------+
; Analysis & Synthesis Summary                                                     ;
+------------------------------------+---------------------------------------------+
; Analysis & Synthesis Status        ; Successful - Fri Jun 28 11:45:19 2024       ;
; Quartus Prime Version              ; 18.1.0 Build 625 09/12/2018 SJ Lite Edition ;
; Revision Name                      ; finaltry                                    ;
; Top-level Entity Name              ; timer_top                                   ;
; Family                             ; MAX 10                                      ;
; Total logic elements               ; 282                                         ;
;     Total combinational functions  ; 277                                         ;
;     Dedicated logic registers      ; 135                                         ;
; Total registers                    ; 135                                         ;
; Total pins                         ; 50                                          ;
; Total virtual pins                 ; 0                                           ;
; Total memory bits                  ; 0                                           ;
; Embedded Multiplier 9-bit elements ; 0                                           ;
; Total PLLs                         ; 0                                           ;
; UFM blocks                         ; 0                                           ;
; ADC blocks                         ; 0                                           ;
+------------------------------------+---------------------------------------------+


+------------------------------------------------------------------------------------------------------------+
; Analysis & Synthesis Settings                                                                              ;
+------------------------------------------------------------------+--------------------+--------------------+
; Option                                                           ; Setting            ; Default Value      ;
+------------------------------------------------------------------+--------------------+--------------------+
; Device                                                           ; 10M50DAF484C7G     ;                    ;
; Top-level entity name                                            ; timer_top          ; finaltry           ;
; Family name                                                      ; MAX 10             ; Cyclone V          ;
; Use smart compilation                                            ; Off                ; Off                ;
; Enable parallel Assembler and Timing Analyzer during compilation ; On                 ; On                 ;
; Enable compact report table                                      ; Off                ; Off                ;
; Restructure Multiplexers                                         ; Auto               ; Auto               ;
; Create Debugging Nodes for IP Cores                              ; Off                ; Off                ;
; Preserve fewer node names                                        ; On                 ; On                 ;
; Intel FPGA IP Evaluation Mode                                    ; Enable             ; Enable             ;
; Verilog Version                                                  ; Verilog_2001       ; Verilog_2001       ;
; VHDL Version                                                     ; VHDL_1993          ; VHDL_1993          ;
; State Machine Processing                                         ; Auto               ; Auto               ;
; Safe State Machine                                               ; Off                ; Off                ;
; Extract Verilog State Machines                                   ; On                 ; On                 ;
; Extract VHDL State Machines                                      ; On                 ; On                 ;
; Ignore Verilog initial constructs                                ; Off                ; Off                ;
; Iteration limit for constant Verilog loops                       ; 5000               ; 5000               ;
; Iteration limit for non-constant Verilog loops                   ; 250                ; 250                ;
; Add Pass-Through Logic to Inferred RAMs                          ; On                 ; On                 ;
; Infer RAMs from Raw Logic                                        ; On                 ; On                 ;
; Parallel Synthesis                                               ; On                 ; On                 ;
; DSP Block Balancing                                              ; Auto               ; Auto               ;
; NOT Gate Push-Back                                               ; On                 ; On                 ;
; Power-Up Don't Care                                              ; On                 ; On                 ;
; Remove Redundant Logic Cells                                     ; Off                ; Off                ;
; Remove Duplicate Registers                                       ; On                 ; On                 ;
; Ignore CARRY Buffers                                             ; Off                ; Off                ;
; Ignore CASCADE Buffers                                           ; Off                ; Off                ;
; Ignore GLOBAL Buffers                                            ; Off                ; Off                ;
; Ignore ROW GLOBAL Buffers                                        ; Off                ; Off                ;
; Ignore LCELL Buffers                                             ; Off                ; Off                ;
; Ignore SOFT Buffers                                              ; On                 ; On                 ;
; Limit AHDL Integers to 32 Bits                                   ; Off                ; Off                ;
; Optimization Technique                                           ; Balanced           ; Balanced           ;
; Carry Chain Length                                               ; 70                 ; 70                 ;
; Auto Carry Chains                                                ; On                 ; On                 ;
; Auto Open-Drain Pins                                             ; On                 ; On                 ;
; Perform WYSIWYG Primitive Resynthesis                            ; Off                ; Off                ;
; Auto ROM Replacement                                             ; On                 ; On                 ;
; Auto RAM Replacement                                             ; On                 ; On                 ;
; Auto DSP Block Replacement                                       ; On                 ; On                 ;
; Auto Shift Register Replacement                                  ; Auto               ; Auto               ;
; Allow Shift Register Merging across Hierarchies                  ; Auto               ; Auto               ;
; Auto Clock Enable Replacement                                    ; On                 ; On                 ;
; Strict RAM Replacement                                           ; Off                ; Off                ;
; Allow Synchronous Control Signals                                ; On                 ; On                 ;
; Force Use of Synchronous Clear Signals                           ; Off                ; Off                ;
; Auto RAM Block Balancing                                         ; On                 ; On                 ;
; Auto RAM to Logic Cell Conversion                                ; Off                ; Off                ;
; Auto Resource Sharing                                            ; Off                ; Off                ;
; Allow Any RAM Size For Recognition                               ; Off                ; Off                ;
; Allow Any ROM Size For Recognition                               ; Off                ; Off                ;
; Allow Any Shift Register Size For Recognition                    ; Off                ; Off                ;
; Use LogicLock Constraints during Resource Balancing              ; On                 ; On                 ;
; Ignore translate_off and synthesis_off directives                ; Off                ; Off                ;
; Timing-Driven Synthesis                                          ; On                 ; On                 ;
; Report Parameter Settings                                        ; On                 ; On                 ;
; Report Source Assignments                                        ; On                 ; On                 ;
; Report Connectivity Checks                                       ; On                 ; On                 ;
; Ignore Maximum Fan-Out Assignments                               ; Off                ; Off                ;
; Synchronization Register Chain Length                            ; 2                  ; 2                  ;
; Power Optimization During Synthesis                              ; Normal compilation ; Normal compilation ;
; HDL message level                                                ; Level2             ; Level2             ;
; Suppress Register Optimization Related Messages                  ; Off                ; Off                ;
; Number of Removed Registers Reported in Synthesis Report         ; 5000               ; 5000               ;
; Number of Swept Nodes Reported in Synthesis Report               ; 5000               ; 5000               ;
; Number of Inverted Registers Reported in Synthesis Report        ; 100                ; 100                ;
; Clock MUX Protection                                             ; On                 ; On                 ;
; Auto Gated Clock Conversion                                      ; Off                ; Off                ;
; Block Design Naming                                              ; Auto               ; Auto               ;
; SDC constraint protection                                        ; Off                ; Off                ;
; Synthesis Effort                                                 ; Auto               ; Auto               ;
; Shift Register Replacement - Allow Asynchronous Clear Signal     ; On                 ; On                 ;
; Pre-Mapping Resynthesis Optimization                             ; Off                ; Off                ;
; Analysis & Synthesis Message Level                               ; Medium             ; Medium             ;
; Disable Register Merging Across Hierarchies                      ; Auto               ; Auto               ;
; Resource Aware Inference For Block RAM                           ; On                 ; On                 ;
+------------------------------------------------------------------+--------------------+--------------------+


+------------------------------------------+
; Parallel Compilation                     ;
+----------------------------+-------------+
; Processors                 ; Number      ;
+----------------------------+-------------+
; Number detected on machine ; 12          ;
; Maximum allowed            ; 12          ;
;                            ;             ;
; Average used               ; 1.00        ;
; Maximum used               ; 12          ;
;                            ;             ;
; Usage by Processor         ; % Time Used ;
;     Processor 1            ; 100.0%      ;
;     Processors 2-12        ;   0.0%      ;
+----------------------------+-------------+


+-----------------------------------------------------------------------------------------------------------------------------------------------------------------------------------------+
; Analysis & Synthesis Source Files Read                                                                                                                                                  ;
+----------------------------------+-----------------+------------------------+-------------------------------------------------------------------------------------------------+---------+
; File Name with User-Entered Path ; Used in Netlist ; File Type              ; File Name with Absolute Path                                                                    ; Library ;
+----------------------------------+-----------------+------------------------+-------------------------------------------------------------------------------------------------+---------+
; timer_top.v                      ; yes             ; User Verilog HDL File  ; C:/Users/Shreel Pancholi/Desktop/DIGITAL CLOCK DESIGN ON MAX 10 FPGA/QUARTUS/timer_top.v        ;         ;
; timer.v                          ; yes             ; User Verilog HDL File  ; C:/Users/Shreel Pancholi/Desktop/DIGITAL CLOCK DESIGN ON MAX 10 FPGA/QUARTUS/timer.v            ;         ;
; hex_7seg_decoder.v               ; yes             ; User Verilog HDL File  ; C:/Users/Shreel Pancholi/Desktop/DIGITAL CLOCK DESIGN ON MAX 10 FPGA/QUARTUS/hex_7seg_decoder.v ;         ;
; bin2bcd.v                        ; yes             ; User Verilog HDL File  ; C:/Users/Shreel Pancholi/Desktop/DIGITAL CLOCK DESIGN ON MAX 10 FPGA/QUARTUS/bin2bcd.v          ;         ;
+----------------------------------+-----------------+------------------------+-------------------------------------------------------------------------------------------------+---------+


+---------------------------------------------------------+
; Analysis & Synthesis Resource Usage Summary             ;
+---------------------------------------------+-----------+
; Resource                                    ; Usage     ;
+---------------------------------------------+-----------+
; Estimated Total logic elements              ; 282       ;
;                                             ;           ;
; Total combinational functions               ; 277       ;
; Logic element usage by number of LUT inputs ;           ;
;     -- 4 input functions                    ; 120       ;
;     -- 3 input functions                    ; 63        ;
;     -- <=2 input functions                  ; 94        ;
;                                             ;           ;
; Logic elements by mode                      ;           ;
;     -- normal mode                          ; 214       ;
;     -- arithmetic mode                      ; 63        ;
;                                             ;           ;
; Total registers                             ; 135       ;
;     -- Dedicated logic registers            ; 135       ;
;     -- I/O registers                        ; 0         ;
;                                             ;           ;
; I/O pins                                    ; 50        ;
;                                             ;           ;
; Embedded Multiplier 9-bit elements          ; 0         ;
;                                             ;           ;
; Maximum fan-out node                        ; clk~input ;
; Maximum fan-out                             ; 135       ;
; Total fan-out                               ; 1377      ;
; Average fan-out                             ; 2.68      ;
+---------------------------------------------+-----------+


+--------------------------------------------------------------------------------------------------------------------------------------------------------------------------------------------------------------------------------------------------------+
; Analysis & Synthesis Resource Utilization by Entity                                                                                                                                                                                                    ;
+-----------------------------+---------------------+---------------------------+-------------+------------+--------------+---------+-----------+------+--------------+------------+-----------------------------------+------------------+--------------+
; Compilation Hierarchy Node  ; Combinational ALUTs ; Dedicated Logic Registers ; Memory Bits ; UFM Blocks ; DSP Elements ; DSP 9x9 ; DSP 18x18 ; Pins ; Virtual Pins ; ADC blocks ; Full Hierarchy Name               ; Entity Name      ; Library Name ;
+-----------------------------+---------------------+---------------------------+-------------+------------+--------------+---------+-----------+------+--------------+------------+-----------------------------------+------------------+--------------+
; |timer_top                  ; 277 (0)             ; 135 (0)                   ; 0           ; 0          ; 0            ; 0       ; 0         ; 50   ; 0            ; 0          ; |timer_top                        ; timer_top        ; work         ;
;    |bin2bcd:B2D_HOUR|       ; 26 (26)             ; 15 (15)                   ; 0           ; 0          ; 0            ; 0       ; 0         ; 0    ; 0            ; 0          ; |timer_top|bin2bcd:B2D_HOUR       ; bin2bcd          ; work         ;
;    |bin2bcd:B2D_MIN|        ; 16 (16)             ; 13 (13)                   ; 0           ; 0          ; 0            ; 0       ; 0         ; 0    ; 0            ; 0          ; |timer_top|bin2bcd:B2D_MIN        ; bin2bcd          ; work         ;
;    |bin2bcd:B2D_SEC|        ; 16 (16)             ; 13 (13)                   ; 0           ; 0          ; 0            ; 0       ; 0         ; 0    ; 0            ; 0          ; |timer_top|bin2bcd:B2D_SEC        ; bin2bcd          ; work         ;
;    |hex_7seg_decoder:HOUR0| ; 7 (7)               ; 0 (0)                     ; 0           ; 0          ; 0            ; 0       ; 0         ; 0    ; 0            ; 0          ; |timer_top|hex_7seg_decoder:HOUR0 ; hex_7seg_decoder ; work         ;
;    |hex_7seg_decoder:HOUR1| ; 7 (7)               ; 0 (0)                     ; 0           ; 0          ; 0            ; 0       ; 0         ; 0    ; 0            ; 0          ; |timer_top|hex_7seg_decoder:HOUR1 ; hex_7seg_decoder ; work         ;
;    |hex_7seg_decoder:MIN0|  ; 7 (7)               ; 0 (0)                     ; 0           ; 0          ; 0            ; 0       ; 0         ; 0    ; 0            ; 0          ; |timer_top|hex_7seg_decoder:MIN0  ; hex_7seg_decoder ; work         ;
;    |hex_7seg_decoder:MIN1|  ; 7 (7)               ; 0 (0)                     ; 0           ; 0          ; 0            ; 0       ; 0         ; 0    ; 0            ; 0          ; |timer_top|hex_7seg_decoder:MIN1  ; hex_7seg_decoder ; work         ;
;    |hex_7seg_decoder:SEC0|  ; 7 (7)               ; 0 (0)                     ; 0           ; 0          ; 0            ; 0       ; 0         ; 0    ; 0            ; 0          ; |timer_top|hex_7seg_decoder:SEC0  ; hex_7seg_decoder ; work         ;
;    |hex_7seg_decoder:SEC1|  ; 7 (7)               ; 0 (0)                     ; 0           ; 0          ; 0            ; 0       ; 0         ; 0    ; 0            ; 0          ; |timer_top|hex_7seg_decoder:SEC1  ; hex_7seg_decoder ; work         ;
;    |timer:TMR0|             ; 177 (177)           ; 94 (94)                   ; 0           ; 0          ; 0            ; 0       ; 0         ; 0    ; 0            ; 0          ; |timer_top|timer:TMR0             ; timer            ; work         ;
+-----------------------------+---------------------+---------------------------+-------------+------------+--------------+---------+-----------+------+--------------+------------+-----------------------------------+------------------+--------------+
Note: For table entries with two numbers listed, the numbers in parentheses indicate the number of resources of the given type used by the specific entity alone. The numbers listed outside of parentheses indicate the total resources of the given type used by the specific entity and all of its sub-entities in the hierarchy.


+--------------------------------------------------------------------------------+
; Registers Removed During Synthesis                                             ;
+---------------------------------------+----------------------------------------+
; Register name                         ; Reason for Removal                     ;
+---------------------------------------+----------------------------------------+
; bin2bcd:B2D_MIN|bin_ff[6]             ; Stuck at GND due to stuck port data_in ;
; bin2bcd:B2D_SEC|bin_ff[6]             ; Stuck at GND due to stuck port data_in ;
; bin2bcd:B2D_MIN|o_bcd[7]              ; Stuck at GND due to stuck port data_in ;
; bin2bcd:B2D_SEC|o_bcd[7]              ; Stuck at GND due to stuck port data_in ;
; Total Number of Removed Registers = 4 ;                                        ;
+---------------------------------------+----------------------------------------+


+------------------------------------------------------------------------------------------------+
; Removed Registers Triggering Further Register Optimizations                                    ;
+---------------------------+---------------------------+----------------------------------------+
; Register name             ; Reason for Removal        ; Registers Removed due to This Register ;
+---------------------------+---------------------------+----------------------------------------+
; bin2bcd:B2D_MIN|bin_ff[6] ; Stuck at GND              ; bin2bcd:B2D_MIN|o_bcd[7]               ;
;                           ; due to stuck port data_in ;                                        ;
; bin2bcd:B2D_SEC|bin_ff[6] ; Stuck at GND              ; bin2bcd:B2D_SEC|o_bcd[7]               ;
;                           ; due to stuck port data_in ;                                        ;
+---------------------------+---------------------------+----------------------------------------+


+------------------------------------------------------+
; General Register Statistics                          ;
+----------------------------------------------+-------+
; Statistic                                    ; Value ;
+----------------------------------------------+-------+
; Total registers                              ; 135   ;
; Number of registers using Synchronous Clear  ; 19    ;
; Number of registers using Synchronous Load   ; 0     ;
; Number of registers using Asynchronous Clear ; 75    ;
; Number of registers using Asynchronous Load  ; 0     ;
; Number of registers using Clock Enable       ; 70    ;
; Number of registers using Preset             ; 0     ;
+----------------------------------------------+-------+


+-----------------------------------------------------------------------------------------------------------------------------------------------------+
; Multiplexer Restructuring Statistics (Restructuring Performed)                                                                                      ;
+--------------------+-----------+---------------+----------------------+------------------------+------------+---------------------------------------+
; Multiplexer Inputs ; Bus Width ; Baseline Area ; Area if Restructured ; Saving if Restructured ; Registered ; Example Multiplexer Output            ;
+--------------------+-----------+---------------+----------------------+------------------------+------------+---------------------------------------+
; 3:1                ; 4 bits    ; 8 LEs         ; 8 LEs                ; 0 LEs                  ; Yes        ; |timer_top|bin2bcd:B2D_SEC|o_bcd[2]   ;
; 3:1                ; 4 bits    ; 8 LEs         ; 8 LEs                ; 0 LEs                  ; Yes        ; |timer_top|bin2bcd:B2D_MIN|o_bcd[3]   ;
; 3:1                ; 4 bits    ; 8 LEs         ; 8 LEs                ; 0 LEs                  ; Yes        ; |timer_top|bin2bcd:B2D_HOUR|o_bcd[3]  ;
; 3:1                ; 3 bits    ; 6 LEs         ; 6 LEs                ; 0 LEs                  ; Yes        ; |timer_top|bin2bcd:B2D_HOUR|o_bcd[7]  ;
; 4:1                ; 6 bits    ; 12 LEs        ; 12 LEs               ; 0 LEs                  ; Yes        ; |timer_top|timer:TMR0|seconds_cnt[3]  ;
; 4:1                ; 6 bits    ; 12 LEs        ; 12 LEs               ; 0 LEs                  ; Yes        ; |timer_top|timer:TMR0|seconds_temp[4] ;
; 4:1                ; 6 bits    ; 12 LEs        ; 12 LEs               ; 0 LEs                  ; Yes        ; |timer_top|timer:TMR0|minutes_cnt[4]  ;
; 4:1                ; 6 bits    ; 12 LEs        ; 12 LEs               ; 0 LEs                  ; Yes        ; |timer_top|timer:TMR0|minutes_temp[4] ;
; 4:1                ; 7 bits    ; 14 LEs        ; 14 LEs               ; 0 LEs                  ; Yes        ; |timer_top|timer:TMR0|hours_cnt[3]    ;
; 4:1                ; 7 bits    ; 14 LEs        ; 14 LEs               ; 0 LEs                  ; Yes        ; |timer_top|timer:TMR0|hours_temp[3]   ;
+--------------------+-----------+---------------+----------------------+------------------------+------------+---------------------------------------+


+---------------------------------------------------------------------------+
; Parameter Settings for User Entity Instance: Top-level Entity: |timer_top ;
+----------------+----------------------------------+-----------------------+
; Parameter Name ; Value                            ; Type                  ;
+----------------+----------------------------------+-----------------------+
; CLOCK_FREQ     ; 00000010111110101111000010000000 ; Unsigned Binary       ;
+----------------+----------------------------------+-----------------------+
Note: In order to hide this table in the UI and the text report file, please set the "Show Parameter Settings in Synthesis Report" option in "Analysis and Synthesis Settings -> More Settings" to "Off".


+---------------------------------------------------------------------+
; Parameter Settings for User Entity Instance: timer:TMR0             ;
+----------------+----------------------------------+-----------------+
; Parameter Name ; Value                            ; Type            ;
+----------------+----------------------------------+-----------------+
; CLOCK_FREQ     ; 00000010111110101111000010000000 ; Unsigned Binary ;
+----------------+----------------------------------+-----------------+
Note: In order to hide this table in the UI and the text report file, please set the "Show Parameter Settings in Synthesis Report" option in "Analysis and Synthesis Settings -> More Settings" to "Off".


+--------------------------------------------------------------------+
; Parameter Settings for User Entity Instance: hex_7seg_decoder:SEC0 ;
+----------------------+-------+-------------------------------------+
; Parameter Name       ; Value ; Type                                ;
+----------------------+-------+-------------------------------------+
; COMMON_ANODE_CATHODE ; 0     ; Signed Integer                      ;
+----------------------+-------+-------------------------------------+
Note: In order to hide this table in the UI and the text report file, please set the "Show Parameter Settings in Synthesis Report" option in "Analysis and Synthesis Settings -> More Settings" to "Off".


+--------------------------------------------------------------------+
; Parameter Settings for User Entity Instance: hex_7seg_decoder:SEC1 ;
+----------------------+-------+-------------------------------------+
; Parameter Name       ; Value ; Type                                ;
+----------------------+-------+-------------------------------------+
; COMMON_ANODE_CATHODE ; 0     ; Signed Integer                      ;
+----------------------+-------+-------------------------------------+
Note: In order to hide this table in the UI and the text report file, please set the "Show Parameter Settings in Synthesis Report" option in "Analysis and Synthesis Settings -> More Settings" to "Off".


+--------------------------------------------------------------------+
; Parameter Settings for User Entity Instance: hex_7seg_decoder:MIN0 ;
+----------------------+-------+-------------------------------------+
; Parameter Name       ; Value ; Type                                ;
+----------------------+-------+-------------------------------------+
; COMMON_ANODE_CATHODE ; 0     ; Signed Integer                      ;
+----------------------+-------+-------------------------------------+
Note: In order to hide this table in the UI and the text report file, please set the "Show Parameter Settings in Synthesis Report" option in "Analysis and Synthesis Settings -> More Settings" to "Off".


+--------------------------------------------------------------------+
; Parameter Settings for User Entity Instance: hex_7seg_decoder:MIN1 ;
+----------------------+-------+-------------------------------------+
; Parameter Name       ; Value ; Type                                ;
+----------------------+-------+-------------------------------------+
; COMMON_ANODE_CATHODE ; 0     ; Signed Integer                      ;
+----------------------+-------+-------------------------------------+
Note: In order to hide this table in the UI and the text report file, please set the "Show Parameter Settings in Synthesis Report" option in "Analysis and Synthesis Settings -> More Settings" to "Off".


+---------------------------------------------------------------------+
; Parameter Settings for User Entity Instance: hex_7seg_decoder:HOUR0 ;
+----------------------+-------+--------------------------------------+
; Parameter Name       ; Value ; Type                                 ;
+----------------------+-------+--------------------------------------+
; COMMON_ANODE_CATHODE ; 0     ; Signed Integer                       ;
+----------------------+-------+--------------------------------------+
Note: In order to hide this table in the UI and the text report file, please set the "Show Parameter Settings in Synthesis Report" option in "Analysis and Synthesis Settings -> More Settings" to "Off".


+---------------------------------------------------------------------+
; Parameter Settings for User Entity Instance: hex_7seg_decoder:HOUR1 ;
+----------------------+-------+--------------------------------------+
; Parameter Name       ; Value ; Type                                 ;
+----------------------+-------+--------------------------------------+
; COMMON_ANODE_CATHODE ; 0     ; Signed Integer                       ;
+----------------------+-------+--------------------------------------+
Note: In order to hide this table in the UI and the text report file, please set the "Show Parameter Settings in Synthesis Report" option in "Analysis and Synthesis Settings -> More Settings" to "Off".


+----------------------------------------------+
; Port Connectivity Checks: "bin2bcd:B2D_HOUR" ;
+----------+-------+----------+----------------+
; Port     ; Type  ; Severity ; Details        ;
+----------+-------+----------+----------------+
; i_bin[7] ; Input ; Info     ; Stuck at GND   ;
+----------+-------+----------+----------------+


+-----------------------------------------------+
; Port Connectivity Checks: "bin2bcd:B2D_MIN"   ;
+-------------+-------+----------+--------------+
; Port        ; Type  ; Severity ; Details      ;
+-------------+-------+----------+--------------+
; i_bin[7..6] ; Input ; Info     ; Stuck at GND ;
+-------------+-------+----------+--------------+


+-----------------------------------------------+
; Port Connectivity Checks: "bin2bcd:B2D_SEC"   ;
+-------------+-------+----------+--------------+
; Port        ; Type  ; Severity ; Details      ;
+-------------+-------+----------+--------------+
; i_bin[7..6] ; Input ; Info     ; Stuck at GND ;
+-------------+-------+----------+--------------+


+-----------------------------------------------------+
; Post-Synthesis Netlist Statistics for Top Partition ;
+-----------------------+-----------------------------+
; Type                  ; Count                       ;
+-----------------------+-----------------------------+
; boundary_port         ; 50                          ;
; cycloneiii_ff         ; 135                         ;
;     CLR               ; 5                           ;
;     ENA CLR           ; 70                          ;
;     SCLR              ; 19                          ;
;     plain             ; 41                          ;
; cycloneiii_io_obuf    ; 1                           ;
; cycloneiii_lcell_comb ; 281                         ;
;     arith             ; 63                          ;
;         2 data inputs ; 63                          ;
;     normal            ; 218                         ;
;         1 data inputs ; 11                          ;
;         2 data inputs ; 24                          ;
;         3 data inputs ; 63                          ;
;         4 data inputs ; 120                         ;
;                       ;                             ;
; Max LUT depth         ; 5.00                        ;
; Average LUT depth     ; 2.59                        ;
+-----------------------+-----------------------------+


+-------------------------------+
; Elapsed Time Per Partition    ;
+----------------+--------------+
; Partition Name ; Elapsed Time ;
+----------------+--------------+
; Top            ; 00:00:02     ;
+----------------+--------------+


+-------------------------------+
; Analysis & Synthesis Messages ;
+-------------------------------+
Info: *******************************************************************
Info: Running Quartus Prime Analysis & Synthesis
    Info: Version 18.1.0 Build 625 09/12/2018 SJ Lite Edition
    Info: Processing started: Fri Jun 28 11:45:03 2024
Info: Command: quartus_map --read_settings_files=on --write_settings_files=off finaltry -c finaltry
Warning (18236): Number of processors has not been specified which may cause overloading on shared machines.  Set the global assignment NUM_PARALLEL_PROCESSORS in your QSF to an appropriate value for best performance.
Info (20030): Parallel compilation is enabled and will use 12 of the 12 processors detected
Info (12021): Found 1 design units, including 1 entities, in source file timer_top.v
    Info (12023): Found entity 1: timer_top File: C:/Users/Shreel Pancholi/Desktop/DIGITAL CLOCK DESIGN ON MAX 10 FPGA/QUARTUS/timer_top.v Line: 1
Info (12021): Found 1 design units, including 1 entities, in source file timer.v
    Info (12023): Found entity 1: timer File: C:/Users/Shreel Pancholi/Desktop/DIGITAL CLOCK DESIGN ON MAX 10 FPGA/QUARTUS/timer.v Line: 1
Info (12021): Found 1 design units, including 1 entities, in source file hex_7seg_decoder.v
    Info (12023): Found entity 1: hex_7seg_decoder File: C:/Users/Shreel Pancholi/Desktop/DIGITAL CLOCK DESIGN ON MAX 10 FPGA/QUARTUS/hex_7seg_decoder.v Line: 1
Info (12021): Found 1 design units, including 1 entities, in source file bin2bcd.v
    Info (12023): Found entity 1: bin2bcd File: C:/Users/Shreel Pancholi/Desktop/DIGITAL CLOCK DESIGN ON MAX 10 FPGA/QUARTUS/bin2bcd.v Line: 1
Info (12127): Elaborating entity "timer_top" for the top level hierarchy
Info (12128): Elaborating entity "timer" for hierarchy "timer:TMR0" File: C:/Users/Shreel Pancholi/Desktop/DIGITAL CLOCK DESIGN ON MAX 10 FPGA/QUARTUS/timer_top.v Line: 41
Info (12128): Elaborating entity "bin2bcd" for hierarchy "bin2bcd:B2D_SEC" File: C:/Users/Shreel Pancholi/Desktop/DIGITAL CLOCK DESIGN ON MAX 10 FPGA/QUARTUS/timer_top.v Line: 50
Info (12128): Elaborating entity "hex_7seg_decoder" for hierarchy "hex_7seg_decoder:SEC0" File: C:/Users/Shreel Pancholi/Desktop/DIGITAL CLOCK DESIGN ON MAX 10 FPGA/QUARTUS/timer_top.v Line: 83
Warning (13039): The following bidirectional pins have no drivers
    Warning (13040): bidirectional pin "save" has no driver File: C:/Users/Shreel Pancholi/Desktop/DIGITAL CLOCK DESIGN ON MAX 10 FPGA/QUARTUS/timer_top.v Line: 11
Info (286030): Timing-Driven Synthesis is running
Info (16010): Generating hard_block partition "hard_block:auto_generated_inst"
    Info (16011): Adding 0 node(s), including 0 DDIO, 0 PLL, 0 transceiver and 0 LCELL
Info (21057): Implemented 332 device resources after synthesis - the final resource count might be different
    Info (21058): Implemented 7 input pins
    Info (21059): Implemented 42 output pins
    Info (21060): Implemented 1 bidirectional pins
    Info (21061): Implemented 282 logic cells
Info: Quartus Prime Analysis & Synthesis was successful. 0 errors, 3 warnings
    Info: Peak virtual memory: 4826 megabytes
    Info: Processing ended: Fri Jun 28 11:45:19 2024
    Info: Elapsed time: 00:00:16
    Info: Total CPU time (on all processors): 00:00:07


